This is pdfTeX, Version 3.1415926-1.40.10 (TeX Live 2009/Debian) (format=pdflatex 2012.9.6)  22 MAR 2013 13:02
entering extended mode
 %&-line parsing enabled.
**password_management.tex
(./password_management.tex
LaTeX2e <2009/09/24>
Babel <v3.8l> and hyphenation patterns for english, usenglishmax, dumylang, noh
yphenation, loaded.
(/usr/share/texmf-texlive/tex/latex/base/report.cls
Document Class: report 2007/10/19 v1.4h Standard LaTeX document class
(/usr/share/texmf-texlive/tex/latex/base/size10.clo
File: size10.clo 2007/10/19 v1.4h Standard LaTeX file (size option)
)
\c@part=\count79
\c@chapter=\count80
\c@section=\count81
\c@subsection=\count82
\c@subsubsection=\count83
\c@paragraph=\count84
\c@subparagraph=\count85
\c@figure=\count86
\c@table=\count87
\abovecaptionskip=\skip41
\belowcaptionskip=\skip42
\bibindent=\dimen102
)
(/usr/share/texmf-texlive/tex/latex/base/inputenc.sty
Package: inputenc 2008/03/30 v1.1d Input encoding file
\inpenc@prehook=\toks14
\inpenc@posthook=\toks15

(/usr/share/texmf-texlive/tex/latex/base/latin1.def
File: latin1.def 2008/03/30 v1.1d Input encoding file
))
(/usr/share/texmf-texlive/tex/latex/amsmath/amsmath.sty
Package: amsmath 2000/07/18 v2.13 AMS math features
\@mathmargin=\skip43

For additional information on amsmath, use the `?' option.
(/usr/share/texmf-texlive/tex/latex/amsmath/amstext.sty
Package: amstext 2000/06/29 v2.01

(/usr/share/texmf-texlive/tex/latex/amsmath/amsgen.sty
File: amsgen.sty 1999/11/30 v2.0
\@emptytoks=\toks16
\ex@=\dimen103
))
(/usr/share/texmf-texlive/tex/latex/amsmath/amsbsy.sty
Package: amsbsy 1999/11/29 v1.2d
\pmbraise@=\dimen104
)
(/usr/share/texmf-texlive/tex/latex/amsmath/amsopn.sty
Package: amsopn 1999/12/14 v2.01 operator names
)
\inf@bad=\count88
LaTeX Info: Redefining \frac on input line 211.
\uproot@=\count89
\leftroot@=\count90
LaTeX Info: Redefining \overline on input line 307.
\classnum@=\count91
\DOTSCASE@=\count92
LaTeX Info: Redefining \ldots on input line 379.
LaTeX Info: Redefining \dots on input line 382.
LaTeX Info: Redefining \cdots on input line 467.
\Mathstrutbox@=\box26
\strutbox@=\box27
\big@size=\dimen105
LaTeX Font Info:    Redeclaring font encoding OML on input line 567.
LaTeX Font Info:    Redeclaring font encoding OMS on input line 568.
\macc@depth=\count93
\c@MaxMatrixCols=\count94
\dotsspace@=\muskip10
\c@parentequation=\count95
\dspbrk@lvl=\count96
\tag@help=\toks17
\row@=\count97
\column@=\count98
\maxfields@=\count99
\andhelp@=\toks18
\eqnshift@=\dimen106
\alignsep@=\dimen107
\tagshift@=\dimen108
\tagwidth@=\dimen109
\totwidth@=\dimen110
\lineht@=\dimen111
\@envbody=\toks19
\multlinegap=\skip44
\multlinetaggap=\skip45
\mathdisplay@stack=\toks20
LaTeX Info: Redefining \[ on input line 2666.
LaTeX Info: Redefining \] on input line 2667.
)
(/usr/share/texmf-texlive/tex/latex/amsfonts/amsfonts.sty
Package: amsfonts 2009/06/22 v3.00 Basic AMSFonts support
\symAMSa=\mathgroup4
\symAMSb=\mathgroup5
LaTeX Font Info:    Overwriting math alphabet `\mathfrak' in version `bold'
(Font)                  U/euf/m/n --> U/euf/b/n on input line 96.
)
(/usr/share/texmf-texlive/tex/latex/amsfonts/amssymb.sty
Package: amssymb 2009/06/22 v3.00
)
(./password_management.aux)
\openout1 = `password_management.aux'.

LaTeX Font Info:    Checking defaults for OML/cmm/m/it on input line 8.
LaTeX Font Info:    ... okay on input line 8.
LaTeX Font Info:    Checking defaults for T1/cmr/m/n on input line 8.
LaTeX Font Info:    ... okay on input line 8.
LaTeX Font Info:    Checking defaults for OT1/cmr/m/n on input line 8.
LaTeX Font Info:    ... okay on input line 8.
LaTeX Font Info:    Checking defaults for OMS/cmsy/m/n on input line 8.
LaTeX Font Info:    ... okay on input line 8.
LaTeX Font Info:    Checking defaults for OMX/cmex/m/n on input line 8.
LaTeX Font Info:    ... okay on input line 8.
LaTeX Font Info:    Checking defaults for U/cmr/m/n on input line 8.
LaTeX Font Info:    ... okay on input line 8.
LaTeX Font Info:    Try loading font information for U+msa on input line 10.

(/usr/share/texmf-texlive/tex/latex/amsfonts/umsa.fd
File: umsa.fd 2009/06/22 v3.00 AMS symbols A
)
LaTeX Font Info:    Try loading font information for U+msb on input line 10.

(/usr/share/texmf-texlive/tex/latex/amsfonts/umsb.fd
File: umsb.fd 2009/06/22 v3.00 AMS symbols B
)
! Illegal unit of measure (pt inserted).
<to be read again> 
                   \relax 
l.44 C
      ompromised & Gevolg \\
Dimensions can be in units of em, ex, in, pt, pc,
cm, mm, dd, cc, nd, nc, bp, or sp; but yours is a new one!
I'll assume that you meant to say pt, for printer's points.
To recover gracefully from this error, it's best to
delete the erroneous units; e.g., type `2' to delete
two letters. (See Chapter 27 of The TeXbook.)


Overfull \hbox (57.08347pt too wide) in paragraph at lines 44--44
[]\OT1/cmr/m/n/10 Compromised| 
 []

! Illegal unit of measure (pt inserted).
<to be read again> 
                   \relax 
l.46 U
      ser zijn gebruikers naam en wachtwoord & De aanvaller kan nog niet inl...
Dimensions can be in units of em, ex, in, pt, pc,
cm, mm, dd, cc, nd, nc, bp, or sp; but yours is a new one!
I'll assume that you meant to say pt, for printer's points.
To recover gracefully from this error, it's best to
delete the erroneous units; e.g., type `2' to delete
two letters. (See Chapter 27 of The TeXbook.)


Overfull \hbox (16.80557pt too wide) in paragraph at lines 46--46
[]\OT1/cmr/m/n/10 User
 []


Overfull \hbox (12.83337pt too wide) in paragraph at lines 46--46
\OT1/cmr/m/n/10 zijn
 []


Overfull \hbox (9.77779pt too wide) in paragraph at lines 46--46
\OT1/cmr/m/n/10 ge-
 []


Overfull \hbox (23.41673pt too wide) in paragraph at lines 46--46
\OT1/cmr/m/n/10 bruik-
 []


Overfull \hbox (9.30556pt too wide) in paragraph at lines 46--46
\OT1/cmr/m/n/10 ers
 []


Overfull \hbox (20.88896pt too wide) in paragraph at lines 46--46
\OT1/cmr/m/n/10 naam
 []


Overfull \hbox (7.00002pt too wide) in paragraph at lines 46--46
\OT1/cmr/m/n/10 en
 []


Overfull \hbox (25.61113pt too wide) in paragraph at lines 46--46
\OT1/cmr/m/n/10 wacht-
 []


Overfull \hbox (12.27779pt too wide) in paragraph at lines 46--46
\OT1/cmr/m/n/10 wo-
 []


Overfull \hbox (11.47226pt too wide) in paragraph at lines 46--46
\OT1/cmr/m/n/10 ord| 
 []

! Illegal unit of measure (pt inserted).
<to be read again> 
                   \relax 
l.48 D
      atabase gehackt & De aanvaller kent $S_1$ niet dus kan de AES-key niet...
Dimensions can be in units of em, ex, in, pt, pc,
cm, mm, dd, cc, nd, nc, bp, or sp; but yours is a new one!
I'll assume that you meant to say pt, for printer's points.
To recover gracefully from this error, it's best to
delete the erroneous units; e.g., type `2' to delete
two letters. (See Chapter 27 of The TeXbook.)


Overfull \hbox (37.4723pt too wide) in paragraph at lines 48--48
[]\OT1/cmr/m/n/10 Database
 []


Overfull \hbox (30.3334pt too wide) in paragraph at lines 48--48
\OT1/cmr/m/n/10 gehackt| 
 []

! Illegal unit of measure (pt inserted).
<to be read again> 
                   \relax 
l.50 O
      TP android app gehackt & De aanvaller kent de user zijn password en us...
Dimensions can be in units of em, ex, in, pt, pc,
cm, mm, dd, cc, nd, nc, bp, or sp; but yours is a new one!
I'll assume that you meant to say pt, for printer's points.
To recover gracefully from this error, it's best to
delete the erroneous units; e.g., type `2' to delete
two letters. (See Chapter 27 of The TeXbook.)


Overfull \hbox (18.8056pt too wide) in paragraph at lines 50--50
[]\OT1/cmr/m/n/10 OTP
 []


Overfull \hbox (10.88892pt too wide) in paragraph at lines 50--50
\OT1/cmr/m/n/10 an-
 []


Overfull \hbox (19.80562pt too wide) in paragraph at lines 50--50
\OT1/cmr/m/n/10 droid
 []


Overfull \hbox (13.11116pt too wide) in paragraph at lines 50--50
\OT1/cmr/m/n/10 app
 []


Overfull \hbox (30.3334pt too wide) in paragraph at lines 50--50
\OT1/cmr/m/n/10 gehackt| 
 []

! Illegal unit of measure (pt inserted).
<to be read again> 
                   \relax 
l.52 R
      ainbow tables & Er word een salt gebruikt om de client-side en op de s...
Dimensions can be in units of em, ex, in, pt, pc,
cm, mm, dd, cc, nd, nc, bp, or sp; but yours is a new one!
I'll assume that you meant to say pt, for printer's points.
To recover gracefully from this error, it's best to
delete the erroneous units; e.g., type `2' to delete
two letters. (See Chapter 27 of The TeXbook.)


Overfull \hbox (35.19452pt too wide) in paragraph at lines 52--52
[]\OT1/cmr/m/n/10 Rainbow
 []


Overfull \hbox (9.22224pt too wide) in paragraph at lines 52--52
\OT1/cmr/m/n/10 ta-
 []


Overfull \hbox (13.72224pt too wide) in paragraph at lines 52--52
\OT1/cmr/m/n/10 bles| 
 []

[1

{/var/lib/texmf/fonts/map/pdftex/updmap/pdftex.map}] [2]
(./password_management.aux) ) 
Here is how much of TeX's memory you used:
 1155 strings out of 495061
 12990 string characters out of 1182622
 67201 words of memory out of 3000000
 4373 multiletter control sequences out of 15000+50000
 5944 words of font info for 24 fonts, out of 3000000 for 9000
 28 hyphenation exceptions out of 8191
 27i,9n,22p,797b,154s stack positions out of 5000i,500n,10000p,200000b,50000s
</usr/share/texmf-texlive/fonts/type1/public/amsfo
nts/cm/cmbx12.pfb></usr/share/texmf-texlive/fonts/type1/public/amsfonts/cm/cmmi
10.pfb></usr/share/texmf-texlive/fonts/type1/public/amsfonts/cm/cmr10.pfb></usr
/share/texmf-texlive/fonts/type1/public/amsfonts/cm/cmr7.pfb></usr/share/texmf-
texlive/fonts/type1/public/amsfonts/cm/cmsy10.pfb>
Output written on password_management.pdf (2 pages, 66570 bytes).
PDF statistics:
 29 PDF objects out of 1000 (max. 8388607)
 0 named destinations out of 1000 (max. 500000)
 1 words of extra memory for PDF output out of 10000 (max. 10000000)

